<?xml version="1.0" encoding="UTF-8"?>
<testsuite name="com.medinet.api.controller.RegisterControllerTest" tests="6" skipped="0" failures="0" errors="0" timestamp="2023-07-27T20:37:43" hostname="ARTUR" time="0.629">
  <properties/>
  <testcase name="thatShowRegisterForm()" classname="com.medinet.api.controller.RegisterControllerTest" time="0.577"/>
  <testcase name="registrationValidFormRedirectToBooking()" classname="com.medinet.api.controller.RegisterControllerTest" time="0.01"/>
  <testcase name="testShowPasswordReminderForm()" classname="com.medinet.api.controller.RegisterControllerTest" time="0.007"/>
  <testcase name="login()" classname="com.medinet.api.controller.RegisterControllerTest" time="0.005"/>
  <testcase name="testRecoveryPasswordDoctorEmail()" classname="com.medinet.api.controller.RegisterControllerTest" time="0.008"/>
  <testcase name="testRecoveryPasswordNonExistingEmail()" classname="com.medinet.api.controller.RegisterControllerTest" time="0.014"/>
  <system-out><![CDATA[]]></system-out>
  <system-err><![CDATA[]]></system-err>
</testsuite>
