<?xml version="1.0" encoding="UTF-8"?>
<testsuite name="com.medinet.business.services.CalendarServiceTest" tests="4" skipped="0" failures="0" errors="0" timestamp="2023-07-27T20:37:49" hostname="ARTUR" time="0.03">
  <properties/>
  <testcase name="findByIdCalendarExistsReturnsOptionalWithCalendarEntity()" classname="com.medinet.business.services.CalendarServiceTest" time="0.003"/>
  <testcase name="findByDoctorIdAndDateOfAppointmentDoctorAndDateExistsReturnsCalendarEntity()" classname="com.medinet.business.services.CalendarServiceTest" time="0.004"/>
  <testcase name="findByDoctorIdAndDateOfAppointmentDoctorAndDateNotExistsReturnsNull()" classname="com.medinet.business.services.CalendarServiceTest" time="0.009"/>
  <testcase name="findByIdCalendarNotExistsReturnsEmptyOptional()" classname="com.medinet.business.services.CalendarServiceTest" time="0.008"/>
  <system-out><![CDATA[]]></system-out>
  <system-err><![CDATA[]]></system-err>
</testsuite>
