<?xml version="1.0" encoding="UTF-8"?>
<testsuite name="com.medinet.business.services.RegisterServiceTest" tests="1" skipped="0" failures="0" errors="0" timestamp="2023-07-27T20:37:50" hostname="ARTUR" time="0.004">
  <properties/>
  <testcase name="testExists()" classname="com.medinet.business.services.RegisterServiceTest" time="0.004"/>
  <system-out><![CDATA[]]></system-out>
  <system-err><![CDATA[]]></system-err>
</testsuite>
