<?xml version="1.0" encoding="UTF-8"?>
<testsuite name="com.medinet.api.controller.AppointmentControllerTest" tests="6" skipped="0" failures="0" errors="0" timestamp="2023-07-27T20:37:23" hostname="ARTUR" time="4.276">
  <properties/>
  <testcase name="ThatReturnsAppointmentBookingPage()" classname="com.medinet.api.controller.AppointmentControllerTest" time="4.134"/>
  <testcase name="thatApproveAppointmentAndRedirectToBookingPage()" classname="com.medinet.api.controller.AppointmentControllerTest" time="0.016"/>
  <testcase name="sendRequestToQueueWithValidData()" classname="com.medinet.api.controller.AppointmentControllerTest" time="0.038"/>
  <testcase name="thatRemoveAppointmentAndRedirectToBooking()" classname="com.medinet.api.controller.AppointmentControllerTest" time="0.019"/>
  <testcase name="thatGeneratePdfAndRedirectToBooking()" classname="com.medinet.api.controller.AppointmentControllerTest" time="0.019"/>
  <testcase name="ThatSendRequestToQueueAndRedirectsToBookingPage()" classname="com.medinet.api.controller.AppointmentControllerTest" time="0.019"/>
  <system-out><![CDATA[]]></system-out>
  <system-err><![CDATA[]]></system-err>
</testsuite>
