<?xml version="1.0" encoding="UTF-8"?>
<testsuite name="com.medinet.infrastructure.repository.OpinionRepositoryTest" tests="1" skipped="0" failures="0" errors="0" timestamp="2023-07-27T20:38:16" hostname="ARTUR" time="0.616">
  <properties/>
  <testcase name="Should save the opinion and return the corresponding DTO" classname="com.medinet.infrastructure.repository.OpinionRepositoryTest" time="0.616"/>
  <system-out><![CDATA[2023-07-27T22:38:16.339+02:00  INFO 176508 --- [    Test worker] t.c.s.AnnotationConfigContextLoaderUtils : Could not detect default configuration classes for test class [com.medinet.infrastructure.repository.OpinionRepositoryTest]: OpinionRepositoryTest does not declare any static, non-private, non-final, nested classes annotated with @Configuration.
2023-07-27T22:38:16.355+02:00  INFO 176508 --- [    Test worker] .b.t.c.SpringBootTestContextBootstrapper : Found @SpringBootConfiguration com.medinet.Application for test class com.medinet.infrastructure.repository.OpinionRepositoryTest
Hibernate: select o1_0.opinion_id,o1_0.date,d1_0.doctor_id,a1_0.address_id,a1_0.city,a1_0.country,a1_0.postal_code,a1_0.street,a2_0.doctor_id,a2_0.appointment_id,a2_0.uuid,a2_0.calendar_id,a2_0.date_of_appointment,a2_0.time_of_issue,a2_0.note,p1_0.patient_id,a3_0.address_id,a3_0.city,a3_0.country,a3_0.postal_code,a3_0.street,p1_0.email,p1_0.name,p1_0.phone,p1_0.surname,u1_0.user_id,u1_0.active,u1_0.email,u1_0.password,a2_0.status,a2_0.time_of_visit,d1_0.email,d1_0.name,d1_0.price_for_visit,d1_0.specialization,d1_0.surname,u2_0.user_id,u2_0.active,u2_0.email,u2_0.password,o1_0.note,p2_0.patient_id,a4_0.address_id,a4_0.city,a4_0.country,a4_0.postal_code,a4_0.street,p2_0.email,p2_0.name,p2_0.phone,p2_0.surname,u3_0.user_id,u3_0.active,u3_0.email,u3_0.password from opinion o1_0 left join doctor d1_0 on d1_0.doctor_id=o1_0.doctor_id left join address a1_0 on a1_0.address_id=d1_0.address_id left join appointment a2_0 on d1_0.doctor_id=a2_0.doctor_id left join patient p1_0 on p1_0.patient_id=a2_0.patient_id left join address a3_0 on a3_0.address_id=p1_0.address_id left join medinet_user u1_0 on u1_0.user_id=p1_0.user_id left join medinet_user u2_0 on u2_0.user_id=d1_0.user_id left join patient p2_0 on p2_0.patient_id=o1_0.patient_id left join address a4_0 on a4_0.address_id=p2_0.address_id left join medinet_user u3_0 on u3_0.user_id=p2_0.user_id where o1_0.opinion_id=?
Hibernate: select r1_0.user_id,r1_1.role_id,r1_1.role from medinet_user_role r1_0 join medinet_role r1_1 on r1_1.role_id=r1_0.role_id where r1_0.user_id=?
Hibernate: select r1_0.user_id,r1_1.role_id,r1_1.role from medinet_user_role r1_0 join medinet_role r1_1 on r1_1.role_id=r1_0.role_id where r1_0.user_id=?
Hibernate: select o1_0.doctor_id,o1_0.opinion_id,o1_0.date,o1_0.note,p1_0.patient_id,a1_0.address_id,a1_0.city,a1_0.country,a1_0.postal_code,a1_0.street,p1_0.email,p1_0.name,p1_0.phone,p1_0.surname,u1_0.user_id,u1_0.active,u1_0.email,u1_0.password from opinion o1_0 left join patient p1_0 on p1_0.patient_id=o1_0.patient_id left join address a1_0 on a1_0.address_id=p1_0.address_id left join medinet_user u1_0 on u1_0.user_id=p1_0.user_id where o1_0.doctor_id=?
Hibernate: select c1_0.doctor_id,c1_0.calendar_id,c1_0.date,c1_0.hours from calendar c1_0 where c1_0.doctor_id=?
Hibernate: select d1_0.doctor_id,a1_0.address_id,a1_0.city,a1_0.country,a1_0.postal_code,a1_0.street,d1_0.email,d1_0.name,d1_0.price_for_visit,d1_0.specialization,d1_0.surname,u1_0.user_id,u1_0.active,u1_0.email,u1_0.password from doctor d1_0 left join address a1_0 on a1_0.address_id=d1_0.address_id left join medinet_user u1_0 on u1_0.user_id=d1_0.user_id where d1_0.doctor_id=?
Hibernate: update opinion set date=?,doctor_id=?,note=?,patient_id=? where opinion_id=?
Hibernate: select o1_0.opinion_id,o1_0.date,o1_0.doctor_id,o1_0.note,o1_0.patient_id from opinion o1_0
Hibernate: select d1_0.doctor_id,a1_0.address_id,a1_0.city,a1_0.country,a1_0.postal_code,a1_0.street,d1_0.email,d1_0.name,d1_0.price_for_visit,d1_0.specialization,d1_0.surname,u1_0.user_id,u1_0.active,u1_0.email,u1_0.password from doctor d1_0 left join address a1_0 on a1_0.address_id=d1_0.address_id left join medinet_user u1_0 on u1_0.user_id=d1_0.user_id where d1_0.doctor_id=?
Hibernate: select d1_0.doctor_id,a1_0.address_id,a1_0.city,a1_0.country,a1_0.postal_code,a1_0.street,d1_0.email,d1_0.name,d1_0.price_for_visit,d1_0.specialization,d1_0.surname,u1_0.user_id,u1_0.active,u1_0.email,u1_0.password from doctor d1_0 left join address a1_0 on a1_0.address_id=d1_0.address_id left join medinet_user u1_0 on u1_0.user_id=d1_0.user_id where d1_0.doctor_id=?
Hibernate: select d1_0.doctor_id,a1_0.address_id,a1_0.city,a1_0.country,a1_0.postal_code,a1_0.street,d1_0.email,d1_0.name,d1_0.price_for_visit,d1_0.specialization,d1_0.surname,u1_0.user_id,u1_0.active,u1_0.email,u1_0.password from doctor d1_0 left join address a1_0 on a1_0.address_id=d1_0.address_id left join medinet_user u1_0 on u1_0.user_id=d1_0.user_id where d1_0.doctor_id=?
Hibernate: select d1_0.doctor_id,a1_0.address_id,a1_0.city,a1_0.country,a1_0.postal_code,a1_0.street,d1_0.email,d1_0.name,d1_0.price_for_visit,d1_0.specialization,d1_0.surname,u1_0.user_id,u1_0.active,u1_0.email,u1_0.password from doctor d1_0 left join address a1_0 on a1_0.address_id=d1_0.address_id left join medinet_user u1_0 on u1_0.user_id=d1_0.user_id where d1_0.doctor_id=?
Hibernate: select d1_0.doctor_id,a1_0.address_id,a1_0.city,a1_0.country,a1_0.postal_code,a1_0.street,d1_0.email,d1_0.name,d1_0.price_for_visit,d1_0.specialization,d1_0.surname,u1_0.user_id,u1_0.active,u1_0.email,u1_0.password from doctor d1_0 left join address a1_0 on a1_0.address_id=d1_0.address_id left join medinet_user u1_0 on u1_0.user_id=d1_0.user_id where d1_0.doctor_id=?
Hibernate: select d1_0.doctor_id,a1_0.address_id,a1_0.city,a1_0.country,a1_0.postal_code,a1_0.street,d1_0.email,d1_0.name,d1_0.price_for_visit,d1_0.specialization,d1_0.surname,u1_0.user_id,u1_0.active,u1_0.email,u1_0.password from doctor d1_0 left join address a1_0 on a1_0.address_id=d1_0.address_id left join medinet_user u1_0 on u1_0.user_id=d1_0.user_id where d1_0.doctor_id=?
Hibernate: select d1_0.doctor_id,a1_0.address_id,a1_0.city,a1_0.country,a1_0.postal_code,a1_0.street,d1_0.email,d1_0.name,d1_0.price_for_visit,d1_0.specialization,d1_0.surname,u1_0.user_id,u1_0.active,u1_0.email,u1_0.password from doctor d1_0 left join address a1_0 on a1_0.address_id=d1_0.address_id left join medinet_user u1_0 on u1_0.user_id=d1_0.user_id where d1_0.doctor_id=?
Hibernate: select d1_0.doctor_id,a1_0.address_id,a1_0.city,a1_0.country,a1_0.postal_code,a1_0.street,d1_0.email,d1_0.name,d1_0.price_for_visit,d1_0.specialization,d1_0.surname,u1_0.user_id,u1_0.active,u1_0.email,u1_0.password from doctor d1_0 left join address a1_0 on a1_0.address_id=d1_0.address_id left join medinet_user u1_0 on u1_0.user_id=d1_0.user_id where d1_0.doctor_id=?
Hibernate: select d1_0.doctor_id,a1_0.address_id,a1_0.city,a1_0.country,a1_0.postal_code,a1_0.street,d1_0.email,d1_0.name,d1_0.price_for_visit,d1_0.specialization,d1_0.surname,u1_0.user_id,u1_0.active,u1_0.email,u1_0.password from doctor d1_0 left join address a1_0 on a1_0.address_id=d1_0.address_id left join medinet_user u1_0 on u1_0.user_id=d1_0.user_id where d1_0.doctor_id=?
Hibernate: select d1_0.doctor_id,a1_0.address_id,a1_0.city,a1_0.country,a1_0.postal_code,a1_0.street,d1_0.email,d1_0.name,d1_0.price_for_visit,d1_0.specialization,d1_0.surname,u1_0.user_id,u1_0.active,u1_0.email,u1_0.password from doctor d1_0 left join address a1_0 on a1_0.address_id=d1_0.address_id left join medinet_user u1_0 on u1_0.user_id=d1_0.user_id where d1_0.doctor_id=?
Hibernate: select d1_0.doctor_id,a1_0.address_id,a1_0.city,a1_0.country,a1_0.postal_code,a1_0.street,d1_0.email,d1_0.name,d1_0.price_for_visit,d1_0.specialization,d1_0.surname,u1_0.user_id,u1_0.active,u1_0.email,u1_0.password from doctor d1_0 left join address a1_0 on a1_0.address_id=d1_0.address_id left join medinet_user u1_0 on u1_0.user_id=d1_0.user_id where d1_0.doctor_id=?
Hibernate: select d1_0.doctor_id,a1_0.address_id,a1_0.city,a1_0.country,a1_0.postal_code,a1_0.street,d1_0.email,d1_0.name,d1_0.price_for_visit,d1_0.specialization,d1_0.surname,u1_0.user_id,u1_0.active,u1_0.email,u1_0.password from doctor d1_0 left join address a1_0 on a1_0.address_id=d1_0.address_id left join medinet_user u1_0 on u1_0.user_id=d1_0.user_id where d1_0.doctor_id=?
Hibernate: select d1_0.doctor_id,a1_0.address_id,a1_0.city,a1_0.country,a1_0.postal_code,a1_0.street,d1_0.email,d1_0.name,d1_0.price_for_visit,d1_0.specialization,d1_0.surname,u1_0.user_id,u1_0.active,u1_0.email,u1_0.password from doctor d1_0 left join address a1_0 on a1_0.address_id=d1_0.address_id left join medinet_user u1_0 on u1_0.user_id=d1_0.user_id where d1_0.doctor_id=?
Hibernate: select d1_0.doctor_id,a1_0.address_id,a1_0.city,a1_0.country,a1_0.postal_code,a1_0.street,d1_0.email,d1_0.name,d1_0.price_for_visit,d1_0.specialization,d1_0.surname,u1_0.user_id,u1_0.active,u1_0.email,u1_0.password from doctor d1_0 left join address a1_0 on a1_0.address_id=d1_0.address_id left join medinet_user u1_0 on u1_0.user_id=d1_0.user_id where d1_0.doctor_id=?
Hibernate: select d1_0.doctor_id,a1_0.address_id,a1_0.city,a1_0.country,a1_0.postal_code,a1_0.street,d1_0.email,d1_0.name,d1_0.price_for_visit,d1_0.specialization,d1_0.surname,u1_0.user_id,u1_0.active,u1_0.email,u1_0.password from doctor d1_0 left join address a1_0 on a1_0.address_id=d1_0.address_id left join medinet_user u1_0 on u1_0.user_id=d1_0.user_id where d1_0.doctor_id=?
Hibernate: select d1_0.doctor_id,a1_0.address_id,a1_0.city,a1_0.country,a1_0.postal_code,a1_0.street,d1_0.email,d1_0.name,d1_0.price_for_visit,d1_0.specialization,d1_0.surname,u1_0.user_id,u1_0.active,u1_0.email,u1_0.password from doctor d1_0 left join address a1_0 on a1_0.address_id=d1_0.address_id left join medinet_user u1_0 on u1_0.user_id=d1_0.user_id where d1_0.doctor_id=?
Hibernate: select d1_0.doctor_id,a1_0.address_id,a1_0.city,a1_0.country,a1_0.postal_code,a1_0.street,d1_0.email,d1_0.name,d1_0.price_for_visit,d1_0.specialization,d1_0.surname,u1_0.user_id,u1_0.active,u1_0.email,u1_0.password from doctor d1_0 left join address a1_0 on a1_0.address_id=d1_0.address_id left join medinet_user u1_0 on u1_0.user_id=d1_0.user_id where d1_0.doctor_id=?
Hibernate: select d1_0.doctor_id,a1_0.address_id,a1_0.city,a1_0.country,a1_0.postal_code,a1_0.street,d1_0.email,d1_0.name,d1_0.price_for_visit,d1_0.specialization,d1_0.surname,u1_0.user_id,u1_0.active,u1_0.email,u1_0.password from doctor d1_0 left join address a1_0 on a1_0.address_id=d1_0.address_id left join medinet_user u1_0 on u1_0.user_id=d1_0.user_id where d1_0.doctor_id=?
Hibernate: select d1_0.doctor_id,a1_0.address_id,a1_0.city,a1_0.country,a1_0.postal_code,a1_0.street,d1_0.email,d1_0.name,d1_0.price_for_visit,d1_0.specialization,d1_0.surname,u1_0.user_id,u1_0.active,u1_0.email,u1_0.password from doctor d1_0 left join address a1_0 on a1_0.address_id=d1_0.address_id left join medinet_user u1_0 on u1_0.user_id=d1_0.user_id where d1_0.doctor_id=?
Hibernate: select d1_0.doctor_id,a1_0.address_id,a1_0.city,a1_0.country,a1_0.postal_code,a1_0.street,d1_0.email,d1_0.name,d1_0.price_for_visit,d1_0.specialization,d1_0.surname,u1_0.user_id,u1_0.active,u1_0.email,u1_0.password from doctor d1_0 left join address a1_0 on a1_0.address_id=d1_0.address_id left join medinet_user u1_0 on u1_0.user_id=d1_0.user_id where d1_0.doctor_id=?
Hibernate: select d1_0.doctor_id,a1_0.address_id,a1_0.city,a1_0.country,a1_0.postal_code,a1_0.street,d1_0.email,d1_0.name,d1_0.price_for_visit,d1_0.specialization,d1_0.surname,u1_0.user_id,u1_0.active,u1_0.email,u1_0.password from doctor d1_0 left join address a1_0 on a1_0.address_id=d1_0.address_id left join medinet_user u1_0 on u1_0.user_id=d1_0.user_id where d1_0.doctor_id=?
Hibernate: select d1_0.doctor_id,a1_0.address_id,a1_0.city,a1_0.country,a1_0.postal_code,a1_0.street,d1_0.email,d1_0.name,d1_0.price_for_visit,d1_0.specialization,d1_0.surname,u1_0.user_id,u1_0.active,u1_0.email,u1_0.password from doctor d1_0 left join address a1_0 on a1_0.address_id=d1_0.address_id left join medinet_user u1_0 on u1_0.user_id=d1_0.user_id where d1_0.doctor_id=?
Hibernate: select d1_0.doctor_id,a1_0.address_id,a1_0.city,a1_0.country,a1_0.postal_code,a1_0.street,d1_0.email,d1_0.name,d1_0.price_for_visit,d1_0.specialization,d1_0.surname,u1_0.user_id,u1_0.active,u1_0.email,u1_0.password from doctor d1_0 left join address a1_0 on a1_0.address_id=d1_0.address_id left join medinet_user u1_0 on u1_0.user_id=d1_0.user_id where d1_0.doctor_id=?
Hibernate: select d1_0.doctor_id,a1_0.address_id,a1_0.city,a1_0.country,a1_0.postal_code,a1_0.street,d1_0.email,d1_0.name,d1_0.price_for_visit,d1_0.specialization,d1_0.surname,u1_0.user_id,u1_0.active,u1_0.email,u1_0.password from doctor d1_0 left join address a1_0 on a1_0.address_id=d1_0.address_id left join medinet_user u1_0 on u1_0.user_id=d1_0.user_id where d1_0.doctor_id=?
Hibernate: select d1_0.doctor_id,a1_0.address_id,a1_0.city,a1_0.country,a1_0.postal_code,a1_0.street,d1_0.email,d1_0.name,d1_0.price_for_visit,d1_0.specialization,d1_0.surname,u1_0.user_id,u1_0.active,u1_0.email,u1_0.password from doctor d1_0 left join address a1_0 on a1_0.address_id=d1_0.address_id left join medinet_user u1_0 on u1_0.user_id=d1_0.user_id where d1_0.doctor_id=?
Hibernate: select d1_0.doctor_id,a1_0.address_id,a1_0.city,a1_0.country,a1_0.postal_code,a1_0.street,d1_0.email,d1_0.name,d1_0.price_for_visit,d1_0.specialization,d1_0.surname,u1_0.user_id,u1_0.active,u1_0.email,u1_0.password from doctor d1_0 left join address a1_0 on a1_0.address_id=d1_0.address_id left join medinet_user u1_0 on u1_0.user_id=d1_0.user_id where d1_0.doctor_id=?
Hibernate: select d1_0.doctor_id,a1_0.address_id,a1_0.city,a1_0.country,a1_0.postal_code,a1_0.street,d1_0.email,d1_0.name,d1_0.price_for_visit,d1_0.specialization,d1_0.surname,u1_0.user_id,u1_0.active,u1_0.email,u1_0.password from doctor d1_0 left join address a1_0 on a1_0.address_id=d1_0.address_id left join medinet_user u1_0 on u1_0.user_id=d1_0.user_id where d1_0.doctor_id=?
Hibernate: select d1_0.doctor_id,a1_0.address_id,a1_0.city,a1_0.country,a1_0.postal_code,a1_0.street,d1_0.email,d1_0.name,d1_0.price_for_visit,d1_0.specialization,d1_0.surname,u1_0.user_id,u1_0.active,u1_0.email,u1_0.password from doctor d1_0 left join address a1_0 on a1_0.address_id=d1_0.address_id left join medinet_user u1_0 on u1_0.user_id=d1_0.user_id where d1_0.doctor_id=?
Hibernate: select d1_0.doctor_id,a1_0.address_id,a1_0.city,a1_0.country,a1_0.postal_code,a1_0.street,d1_0.email,d1_0.name,d1_0.price_for_visit,d1_0.specialization,d1_0.surname,u1_0.user_id,u1_0.active,u1_0.email,u1_0.password from doctor d1_0 left join address a1_0 on a1_0.address_id=d1_0.address_id left join medinet_user u1_0 on u1_0.user_id=d1_0.user_id where d1_0.doctor_id=?
Hibernate: select d1_0.doctor_id,a1_0.address_id,a1_0.city,a1_0.country,a1_0.postal_code,a1_0.street,d1_0.email,d1_0.name,d1_0.price_for_visit,d1_0.specialization,d1_0.surname,u1_0.user_id,u1_0.active,u1_0.email,u1_0.password from doctor d1_0 left join address a1_0 on a1_0.address_id=d1_0.address_id left join medinet_user u1_0 on u1_0.user_id=d1_0.user_id where d1_0.doctor_id=?
Hibernate: select d1_0.doctor_id,a1_0.address_id,a1_0.city,a1_0.country,a1_0.postal_code,a1_0.street,d1_0.email,d1_0.name,d1_0.price_for_visit,d1_0.specialization,d1_0.surname,u1_0.user_id,u1_0.active,u1_0.email,u1_0.password from doctor d1_0 left join address a1_0 on a1_0.address_id=d1_0.address_id left join medinet_user u1_0 on u1_0.user_id=d1_0.user_id where d1_0.doctor_id=?
Hibernate: select d1_0.doctor_id,a1_0.address_id,a1_0.city,a1_0.country,a1_0.postal_code,a1_0.street,d1_0.email,d1_0.name,d1_0.price_for_visit,d1_0.specialization,d1_0.surname,u1_0.user_id,u1_0.active,u1_0.email,u1_0.password from doctor d1_0 left join address a1_0 on a1_0.address_id=d1_0.address_id left join medinet_user u1_0 on u1_0.user_id=d1_0.user_id where d1_0.doctor_id=?
Hibernate: select d1_0.doctor_id,a1_0.address_id,a1_0.city,a1_0.country,a1_0.postal_code,a1_0.street,d1_0.email,d1_0.name,d1_0.price_for_visit,d1_0.specialization,d1_0.surname,u1_0.user_id,u1_0.active,u1_0.email,u1_0.password from doctor d1_0 left join address a1_0 on a1_0.address_id=d1_0.address_id left join medinet_user u1_0 on u1_0.user_id=d1_0.user_id where d1_0.doctor_id=?
Hibernate: select d1_0.doctor_id,a1_0.address_id,a1_0.city,a1_0.country,a1_0.postal_code,a1_0.street,d1_0.email,d1_0.name,d1_0.price_for_visit,d1_0.specialization,d1_0.surname,u1_0.user_id,u1_0.active,u1_0.email,u1_0.password from doctor d1_0 left join address a1_0 on a1_0.address_id=d1_0.address_id left join medinet_user u1_0 on u1_0.user_id=d1_0.user_id where d1_0.doctor_id=?
Hibernate: select d1_0.doctor_id,a1_0.address_id,a1_0.city,a1_0.country,a1_0.postal_code,a1_0.street,d1_0.email,d1_0.name,d1_0.price_for_visit,d1_0.specialization,d1_0.surname,u1_0.user_id,u1_0.active,u1_0.email,u1_0.password from doctor d1_0 left join address a1_0 on a1_0.address_id=d1_0.address_id left join medinet_user u1_0 on u1_0.user_id=d1_0.user_id where d1_0.doctor_id=?
Hibernate: select d1_0.doctor_id,a1_0.address_id,a1_0.city,a1_0.country,a1_0.postal_code,a1_0.street,d1_0.email,d1_0.name,d1_0.price_for_visit,d1_0.specialization,d1_0.surname,u1_0.user_id,u1_0.active,u1_0.email,u1_0.password from doctor d1_0 left join address a1_0 on a1_0.address_id=d1_0.address_id left join medinet_user u1_0 on u1_0.user_id=d1_0.user_id where d1_0.doctor_id=?
Hibernate: select d1_0.doctor_id,a1_0.address_id,a1_0.city,a1_0.country,a1_0.postal_code,a1_0.street,d1_0.email,d1_0.name,d1_0.price_for_visit,d1_0.specialization,d1_0.surname,u1_0.user_id,u1_0.active,u1_0.email,u1_0.password from doctor d1_0 left join address a1_0 on a1_0.address_id=d1_0.address_id left join medinet_user u1_0 on u1_0.user_id=d1_0.user_id where d1_0.doctor_id=?
Hibernate: select d1_0.doctor_id,a1_0.address_id,a1_0.city,a1_0.country,a1_0.postal_code,a1_0.street,d1_0.email,d1_0.name,d1_0.price_for_visit,d1_0.specialization,d1_0.surname,u1_0.user_id,u1_0.active,u1_0.email,u1_0.password from doctor d1_0 left join address a1_0 on a1_0.address_id=d1_0.address_id left join medinet_user u1_0 on u1_0.user_id=d1_0.user_id where d1_0.doctor_id=?
Hibernate: select d1_0.doctor_id,a1_0.address_id,a1_0.city,a1_0.country,a1_0.postal_code,a1_0.street,d1_0.email,d1_0.name,d1_0.price_for_visit,d1_0.specialization,d1_0.surname,u1_0.user_id,u1_0.active,u1_0.email,u1_0.password from doctor d1_0 left join address a1_0 on a1_0.address_id=d1_0.address_id left join medinet_user u1_0 on u1_0.user_id=d1_0.user_id where d1_0.doctor_id=?
Hibernate: select d1_0.doctor_id,a1_0.address_id,a1_0.city,a1_0.country,a1_0.postal_code,a1_0.street,d1_0.email,d1_0.name,d1_0.price_for_visit,d1_0.specialization,d1_0.surname,u1_0.user_id,u1_0.active,u1_0.email,u1_0.password from doctor d1_0 left join address a1_0 on a1_0.address_id=d1_0.address_id left join medinet_user u1_0 on u1_0.user_id=d1_0.user_id where d1_0.doctor_id=?
Hibernate: select d1_0.doctor_id,a1_0.address_id,a1_0.city,a1_0.country,a1_0.postal_code,a1_0.street,d1_0.email,d1_0.name,d1_0.price_for_visit,d1_0.specialization,d1_0.surname,u1_0.user_id,u1_0.active,u1_0.email,u1_0.password from doctor d1_0 left join address a1_0 on a1_0.address_id=d1_0.address_id left join medinet_user u1_0 on u1_0.user_id=d1_0.user_id where d1_0.doctor_id=?
Hibernate: select d1_0.doctor_id,a1_0.address_id,a1_0.city,a1_0.country,a1_0.postal_code,a1_0.street,d1_0.email,d1_0.name,d1_0.price_for_visit,d1_0.specialization,d1_0.surname,u1_0.user_id,u1_0.active,u1_0.email,u1_0.password from doctor d1_0 left join address a1_0 on a1_0.address_id=d1_0.address_id left join medinet_user u1_0 on u1_0.user_id=d1_0.user_id where d1_0.doctor_id=?
Hibernate: select d1_0.doctor_id,a1_0.address_id,a1_0.city,a1_0.country,a1_0.postal_code,a1_0.street,d1_0.email,d1_0.name,d1_0.price_for_visit,d1_0.specialization,d1_0.surname,u1_0.user_id,u1_0.active,u1_0.email,u1_0.password from doctor d1_0 left join address a1_0 on a1_0.address_id=d1_0.address_id left join medinet_user u1_0 on u1_0.user_id=d1_0.user_id where d1_0.doctor_id=?
Hibernate: select d1_0.doctor_id,a1_0.address_id,a1_0.city,a1_0.country,a1_0.postal_code,a1_0.street,d1_0.email,d1_0.name,d1_0.price_for_visit,d1_0.specialization,d1_0.surname,u1_0.user_id,u1_0.active,u1_0.email,u1_0.password from doctor d1_0 left join address a1_0 on a1_0.address_id=d1_0.address_id left join medinet_user u1_0 on u1_0.user_id=d1_0.user_id where d1_0.doctor_id=?
Hibernate: select d1_0.doctor_id,a1_0.address_id,a1_0.city,a1_0.country,a1_0.postal_code,a1_0.street,d1_0.email,d1_0.name,d1_0.price_for_visit,d1_0.specialization,d1_0.surname,u1_0.user_id,u1_0.active,u1_0.email,u1_0.password from doctor d1_0 left join address a1_0 on a1_0.address_id=d1_0.address_id left join medinet_user u1_0 on u1_0.user_id=d1_0.user_id where d1_0.doctor_id=?
Hibernate: select d1_0.doctor_id,a1_0.address_id,a1_0.city,a1_0.country,a1_0.postal_code,a1_0.street,d1_0.email,d1_0.name,d1_0.price_for_visit,d1_0.specialization,d1_0.surname,u1_0.user_id,u1_0.active,u1_0.email,u1_0.password from doctor d1_0 left join address a1_0 on a1_0.address_id=d1_0.address_id left join medinet_user u1_0 on u1_0.user_id=d1_0.user_id where d1_0.doctor_id=?
Hibernate: select d1_0.doctor_id,a1_0.address_id,a1_0.city,a1_0.country,a1_0.postal_code,a1_0.street,d1_0.email,d1_0.name,d1_0.price_for_visit,d1_0.specialization,d1_0.surname,u1_0.user_id,u1_0.active,u1_0.email,u1_0.password from doctor d1_0 left join address a1_0 on a1_0.address_id=d1_0.address_id left join medinet_user u1_0 on u1_0.user_id=d1_0.user_id where d1_0.doctor_id=?
Hibernate: select d1_0.doctor_id,a1_0.address_id,a1_0.city,a1_0.country,a1_0.postal_code,a1_0.street,d1_0.email,d1_0.name,d1_0.price_for_visit,d1_0.specialization,d1_0.surname,u1_0.user_id,u1_0.active,u1_0.email,u1_0.password from doctor d1_0 left join address a1_0 on a1_0.address_id=d1_0.address_id left join medinet_user u1_0 on u1_0.user_id=d1_0.user_id where d1_0.doctor_id=?
Hibernate: select d1_0.doctor_id,a1_0.address_id,a1_0.city,a1_0.country,a1_0.postal_code,a1_0.street,d1_0.email,d1_0.name,d1_0.price_for_visit,d1_0.specialization,d1_0.surname,u1_0.user_id,u1_0.active,u1_0.email,u1_0.password from doctor d1_0 left join address a1_0 on a1_0.address_id=d1_0.address_id left join medinet_user u1_0 on u1_0.user_id=d1_0.user_id where d1_0.doctor_id=?
Hibernate: select d1_0.doctor_id,a1_0.address_id,a1_0.city,a1_0.country,a1_0.postal_code,a1_0.street,d1_0.email,d1_0.name,d1_0.price_for_visit,d1_0.specialization,d1_0.surname,u1_0.user_id,u1_0.active,u1_0.email,u1_0.password from doctor d1_0 left join address a1_0 on a1_0.address_id=d1_0.address_id left join medinet_user u1_0 on u1_0.user_id=d1_0.user_id where d1_0.doctor_id=?
Hibernate: select d1_0.doctor_id,a1_0.address_id,a1_0.city,a1_0.country,a1_0.postal_code,a1_0.street,d1_0.email,d1_0.name,d1_0.price_for_visit,d1_0.specialization,d1_0.surname,u1_0.user_id,u1_0.active,u1_0.email,u1_0.password from doctor d1_0 left join address a1_0 on a1_0.address_id=d1_0.address_id left join medinet_user u1_0 on u1_0.user_id=d1_0.user_id where d1_0.doctor_id=?
Hibernate: select d1_0.doctor_id,a1_0.address_id,a1_0.city,a1_0.country,a1_0.postal_code,a1_0.street,d1_0.email,d1_0.name,d1_0.price_for_visit,d1_0.specialization,d1_0.surname,u1_0.user_id,u1_0.active,u1_0.email,u1_0.password from doctor d1_0 left join address a1_0 on a1_0.address_id=d1_0.address_id left join medinet_user u1_0 on u1_0.user_id=d1_0.user_id where d1_0.doctor_id=?
Hibernate: select d1_0.doctor_id,a1_0.address_id,a1_0.city,a1_0.country,a1_0.postal_code,a1_0.street,d1_0.email,d1_0.name,d1_0.price_for_visit,d1_0.specialization,d1_0.surname,u1_0.user_id,u1_0.active,u1_0.email,u1_0.password from doctor d1_0 left join address a1_0 on a1_0.address_id=d1_0.address_id left join medinet_user u1_0 on u1_0.user_id=d1_0.user_id where d1_0.doctor_id=?
Hibernate: select d1_0.doctor_id,a1_0.address_id,a1_0.city,a1_0.country,a1_0.postal_code,a1_0.street,d1_0.email,d1_0.name,d1_0.price_for_visit,d1_0.specialization,d1_0.surname,u1_0.user_id,u1_0.active,u1_0.email,u1_0.password from doctor d1_0 left join address a1_0 on a1_0.address_id=d1_0.address_id left join medinet_user u1_0 on u1_0.user_id=d1_0.user_id where d1_0.doctor_id=?
Hibernate: select d1_0.doctor_id,a1_0.address_id,a1_0.city,a1_0.country,a1_0.postal_code,a1_0.street,d1_0.email,d1_0.name,d1_0.price_for_visit,d1_0.specialization,d1_0.surname,u1_0.user_id,u1_0.active,u1_0.email,u1_0.password from doctor d1_0 left join address a1_0 on a1_0.address_id=d1_0.address_id left join medinet_user u1_0 on u1_0.user_id=d1_0.user_id where d1_0.doctor_id=?
Hibernate: select d1_0.doctor_id,a1_0.address_id,a1_0.city,a1_0.country,a1_0.postal_code,a1_0.street,d1_0.email,d1_0.name,d1_0.price_for_visit,d1_0.specialization,d1_0.surname,u1_0.user_id,u1_0.active,u1_0.email,u1_0.password from doctor d1_0 left join address a1_0 on a1_0.address_id=d1_0.address_id left join medinet_user u1_0 on u1_0.user_id=d1_0.user_id where d1_0.doctor_id=?
Hibernate: select d1_0.doctor_id,a1_0.address_id,a1_0.city,a1_0.country,a1_0.postal_code,a1_0.street,d1_0.email,d1_0.name,d1_0.price_for_visit,d1_0.specialization,d1_0.surname,u1_0.user_id,u1_0.active,u1_0.email,u1_0.password from doctor d1_0 left join address a1_0 on a1_0.address_id=d1_0.address_id left join medinet_user u1_0 on u1_0.user_id=d1_0.user_id where d1_0.doctor_id=?
Hibernate: select d1_0.doctor_id,a1_0.address_id,a1_0.city,a1_0.country,a1_0.postal_code,a1_0.street,d1_0.email,d1_0.name,d1_0.price_for_visit,d1_0.specialization,d1_0.surname,u1_0.user_id,u1_0.active,u1_0.email,u1_0.password from doctor d1_0 left join address a1_0 on a1_0.address_id=d1_0.address_id left join medinet_user u1_0 on u1_0.user_id=d1_0.user_id where d1_0.doctor_id=?
Hibernate: select d1_0.doctor_id,a1_0.address_id,a1_0.city,a1_0.country,a1_0.postal_code,a1_0.street,d1_0.email,d1_0.name,d1_0.price_for_visit,d1_0.specialization,d1_0.surname,u1_0.user_id,u1_0.active,u1_0.email,u1_0.password from doctor d1_0 left join address a1_0 on a1_0.address_id=d1_0.address_id left join medinet_user u1_0 on u1_0.user_id=d1_0.user_id where d1_0.doctor_id=?
]]></system-out>
  <system-err><![CDATA[]]></system-err>
</testsuite>
