<?xml version="1.0" encoding="UTF-8"?>
<testsuite name="com.medinet.integration.HomeControllerIT" tests="2" skipped="0" failures="0" errors="0" timestamp="2023-07-27T20:38:43" hostname="ARTUR" time="0.737">
  <properties/>
  <testcase name="thatMechanicPageRequiredSigningIn()" classname="com.medinet.integration.HomeControllerIT" time="0.682"/>
  <testcase name="thatHomePageRequiredSigningIn()" classname="com.medinet.integration.HomeControllerIT" time="0.051"/>
  <system-out><![CDATA[
  .   ____          _            __ _ _
 /\\ / ___'_ __ _ _(_)_ __  __ _ \ \ \ \
( ( )\___ | '_ | '_| | '_ \/ _` | \ \ \ \
 \\/  ___)| |_)| | | | | || (_| |  ) ) ) )
  '  |____| .__|_| |_|_| |_\__, | / / / /
 =========|_|==============|___/=/_/_/_/
 :: Spring Boot ::                (v3.1.1)

2023-07-27T22:38:17.921+02:00  WARN 176508 --- [    Test worker] ory$DuplicateJsonObjectContextCustomizer : 

Found multiple occurrences of org.json.JSONObject on the class path:

	jar:file:/C:/Users/artur/.gradle/caches/modules-2/files-2.1/org.json/json/20160810/aca5eb39e2a12fddd6c472b240afe9ebea3a6733/json-20160810.jar!/org/json/JSONObject.class
	jar:file:/C:/Users/artur/.gradle/caches/modules-2/files-2.1/com.vaadin.external.google/android-json/0.0.20131108.vaadin1/fa26d351fe62a6a17f5cda1287c1c6110dec413f/android-json-0.0.20131108.vaadin1.jar!/org/json/JSONObject.class

You may wish to exclude one of them to ensure predictable runtime behavior

2023-07-27T22:38:17.929+02:00  INFO 176508 --- [    Test worker] c.medinet.integration.HomeControllerIT   : Starting HomeControllerIT using Java 18.0.2 with PID 176508 (started by artur in C:\Users\artur\IdeaProjects\medinet_app_final)
2023-07-27T22:38:17.930+02:00  INFO 176508 --- [    Test worker] c.medinet.integration.HomeControllerIT   : The following 1 profile is active: "test"
2023-07-27T22:38:19.245+02:00  INFO 176508 --- [    Test worker] .s.d.r.c.RepositoryConfigurationDelegate : Bootstrapping Spring Data JPA repositories in DEFAULT mode.
2023-07-27T22:38:19.333+02:00  INFO 176508 --- [    Test worker] .s.d.r.c.RepositoryConfigurationDelegate : Finished Spring Data repository scanning in 87 ms. Found 7 JPA repository interfaces.
2023-07-27T22:38:20.490+02:00  INFO 176508 --- [    Test worker] o.s.b.w.embedded.tomcat.TomcatWebServer  : Tomcat initialized with port(s): 0 (http)
2023-07-27T22:38:20.523+02:00  INFO 176508 --- [    Test worker] o.apache.catalina.core.StandardService   : Starting service [Tomcat]
2023-07-27T22:38:20.524+02:00  INFO 176508 --- [    Test worker] o.apache.catalina.core.StandardEngine    : Starting Servlet engine: [Apache Tomcat/10.1.10]
2023-07-27T22:38:20.881+02:00  INFO 176508 --- [    Test worker] o.a.c.c.C.[.[localhost].[/medinet]       : Initializing Spring embedded WebApplicationContext
2023-07-27T22:38:20.884+02:00  INFO 176508 --- [    Test worker] w.s.c.ServletWebServerApplicationContext : Root WebApplicationContext: initialization completed in 2950 ms
Standard Commons Logging discovery in action with spring-jcl: please remove commons-logging.jar from classpath in order to avoid potential conflicts
2023-07-27T22:38:21.175+02:00  INFO 176508 --- [    Test worker] docker[postgres:15.0]                    : Creating container for image: postgres:15.0
2023-07-27T22:38:21.443+02:00  INFO 176508 --- [    Test worker] docker[postgres:15.0]                    : Container postgres:15.0 is starting: 18cc2ba7b7b723a1f73d574ed7fdb015d8254de32edca75fde1c07415ba1c22e
2023-07-27T22:38:27.566+02:00  INFO 176508 --- [    Test worker] docker[postgres:15.0]                    : Container postgres:15.0 started in PT6.3907452S
2023-07-27T22:38:27.594+02:00  INFO 176508 --- [    Test worker] com.zaxxer.hikari.HikariDataSource       : HikariPool-2 - Starting...
2023-07-27T22:38:27.667+02:00  INFO 176508 --- [    Test worker] com.zaxxer.hikari.pool.HikariPool        : HikariPool-2 - Added connection org.postgresql.jdbc.PgConnection@3bdbf525
2023-07-27T22:38:27.668+02:00  INFO 176508 --- [    Test worker] com.zaxxer.hikari.HikariDataSource       : HikariPool-2 - Start completed.
2023-07-27T22:38:27.672+02:00  INFO 176508 --- [    Test worker] o.f.c.i.database.base.BaseDatabaseType   : Database: jdbc:postgresql://localhost:52421/test (PostgreSQL 15.0)
2023-07-27T22:38:27.731+02:00  INFO 176508 --- [    Test worker] o.f.c.i.s.JdbcTableSchemaHistory         : Schema history table "public"."flyway_schema_history" does not exist yet
2023-07-27T22:38:27.735+02:00  INFO 176508 --- [    Test worker] o.f.core.internal.command.DbValidate     : Successfully validated 8 migrations (execution time 00:00.032s)
2023-07-27T22:38:27.770+02:00  INFO 176508 --- [    Test worker] o.f.c.i.s.JdbcTableSchemaHistory         : Creating Schema History table "public"."flyway_schema_history" ...
2023-07-27T22:38:27.871+02:00  INFO 176508 --- [    Test worker] o.f.core.internal.command.DbMigrate      : Current version of schema "public": << Empty Schema >>
2023-07-27T22:38:27.891+02:00  INFO 176508 --- [    Test worker] o.f.core.internal.command.DbMigrate      : Migrating schema "public" to version "1.1 - init medinet database address"
2023-07-27T22:38:27.963+02:00  INFO 176508 --- [    Test worker] o.f.core.internal.command.DbMigrate      : Migrating schema "public" to version "1.2 - init medinet database doctor"
2023-07-27T22:38:28.023+02:00  INFO 176508 --- [    Test worker] o.f.core.internal.command.DbMigrate      : Migrating schema "public" to version "1.3 - init medinet database calendar"
2023-07-27T22:38:28.082+02:00  INFO 176508 --- [    Test worker] o.f.core.internal.command.DbMigrate      : Migrating schema "public" to version "1.4 - init medinet database patient"
2023-07-27T22:38:28.170+02:00  INFO 176508 --- [    Test worker] o.f.core.internal.command.DbMigrate      : Migrating schema "public" to version "1.5 - init medinet database appointment"
2023-07-27T22:38:28.233+02:00  INFO 176508 --- [    Test worker] o.f.core.internal.command.DbMigrate      : Migrating schema "public" to version "1.6 - init medinet database opinion"
2023-07-27T22:38:28.292+02:00  INFO 176508 --- [    Test worker] o.f.core.internal.command.DbMigrate      : Migrating schema "public" to version "2.1 - security tabels"
2023-07-27T22:38:28.457+02:00  INFO 176508 --- [    Test worker] o.f.core.internal.command.DbMigrate      : Migrating schema "public" to version "2.2 - init Data"
2023-07-27T22:38:30.125+02:00  INFO 176508 --- [    Test worker] o.f.core.internal.command.DbMigrate      : Successfully applied 8 migrations to schema "public", now at version v2.2 (execution time 00:02.273s)
2023-07-27T22:38:30.202+02:00  INFO 176508 --- [    Test worker] o.hibernate.jpa.internal.util.LogHelper  : HHH000204: Processing PersistenceUnitInfo [name: default]
2023-07-27T22:38:30.222+02:00  INFO 176508 --- [    Test worker] o.h.b.i.BytecodeProviderInitiator        : HHH000021: Bytecode provider name : bytebuddy
2023-07-27T22:38:30.224+02:00  INFO 176508 --- [    Test worker] o.s.o.j.p.SpringPersistenceUnitInfo      : No LoadTimeWeaver setup: ignoring JPA class transformer
2023-07-27T22:38:30.322+02:00  INFO 176508 --- [    Test worker] o.h.b.i.BytecodeProviderInitiator        : HHH000021: Bytecode provider name : bytebuddy
2023-07-27T22:38:30.577+02:00  INFO 176508 --- [    Test worker] o.h.e.t.j.p.i.JtaPlatformInitiator       : HHH000490: Using JtaPlatform implementation: [org.hibernate.engine.transaction.jta.platform.internal.NoJtaPlatform]
2023-07-27T22:38:30.671+02:00  INFO 176508 --- [    Test worker] j.LocalContainerEntityManagerFactoryBean : Initialized JPA EntityManagerFactory for persistence unit 'default'
2023-07-27T22:38:32.071+02:00  WARN 176508 --- [    Test worker] JpaBaseConfiguration$JpaWebConfiguration : spring.jpa.open-in-view is enabled by default. Therefore, database queries may be performed during view rendering. Explicitly configure spring.jpa.open-in-view to disable this warning
2023-07-27T22:38:32.127+02:00  INFO 176508 --- [    Test worker] o.s.s.web.DefaultSecurityFilterChain     : Will secure any request with [org.springframework.security.web.session.DisableEncodeUrlFilter@4c743b01, org.springframework.security.web.context.request.async.WebAsyncManagerIntegrationFilter@79befb56, org.springframework.security.web.context.SecurityContextHolderFilter@2c721bb5, org.springframework.security.web.header.HeaderWriterFilter@280389b, org.springframework.security.web.authentication.logout.LogoutFilter@e25f2fc, org.springframework.security.web.savedrequest.RequestCacheAwareFilter@3c3c290e, org.springframework.security.web.servletapi.SecurityContextHolderAwareRequestFilter@31714ae9, org.springframework.security.web.authentication.AnonymousAuthenticationFilter@1e4f2a5c, org.springframework.security.web.access.ExceptionTranslationFilter@3d6614d4, org.springframework.security.web.access.intercept.AuthorizationFilter@6891f0e5]
2023-07-27T22:38:35.028+02:00  INFO 176508 --- [    Test worker] o.s.b.w.embedded.tomcat.TomcatWebServer  : Tomcat started on port(s): 52462 (http) with context path '/medinet'
2023-07-27T22:38:43.005+02:00  INFO 176508 --- [    Test worker] c.medinet.integration.HomeControllerIT   : Started HomeControllerIT in 25.192 seconds (process running for 83.116)
2023-07-27T22:38:43.389+02:00  INFO 176508 --- [o-auto-1-exec-1] o.a.c.c.C.[.[localhost].[/medinet]       : Initializing Spring DispatcherServlet 'dispatcherServlet'
2023-07-27T22:38:43.390+02:00  INFO 176508 --- [o-auto-1-exec-1] o.s.web.servlet.DispatcherServlet        : Initializing Servlet 'dispatcherServlet'
2023-07-27T22:38:43.392+02:00  INFO 176508 --- [o-auto-1-exec-1] o.s.web.servlet.DispatcherServlet        : Completed initialization in 2 ms
]]></system-out>
  <system-err><![CDATA[]]></system-err>
</testsuite>
