<?xml version="1.0" encoding="UTF-8"?>
<testsuite name="com.medinet.api.controller.OpinionControllerTest" tests="1" skipped="0" failures="0" errors="0" timestamp="2023-07-27T20:37:43" hostname="ARTUR" time="0.152">
  <properties/>
  <testcase name="testSendOpinion()" classname="com.medinet.api.controller.OpinionControllerTest" time="0.152"/>
  <system-out><![CDATA[]]></system-out>
  <system-err><![CDATA[]]></system-err>
</testsuite>
