<?xml version="1.0" encoding="UTF-8"?>
<testsuite name="com.medinet.integration.rest.OpinionIT" tests="6" skipped="0" failures="0" errors="0" timestamp="2023-07-27T20:39:08" hostname="ARTUR" time="1.876">
  <properties/>
  <testcase name="contextLoaded()" classname="com.medinet.integration.rest.OpinionIT" time="0.004"/>
  <testcase name="testCreateOpinion()" classname="com.medinet.integration.rest.OpinionIT" time="0.388"/>
  <testcase name="testAllOpinions()" classname="com.medinet.integration.rest.OpinionIT" time="0.555"/>
  <testcase name="testGetOpinionByDoctorId()" classname="com.medinet.integration.rest.OpinionIT" time="0.299"/>
  <testcase name="testCreateOpinionWithIncorrectIds()" classname="com.medinet.integration.rest.OpinionIT" time="0.28"/>
  <testcase name="testGetOpinionByPatientId()" classname="com.medinet.integration.rest.OpinionIT" time="0.347"/>
  <system-out><![CDATA[]]></system-out>
  <system-err><![CDATA[]]></system-err>
</testsuite>
