<?xml version="1.0" encoding="UTF-8"?>
<testsuite name="com.medinet.api.controller.rest.OpinionRestControllerWebMvcTest" tests="3" skipped="0" failures="0" errors="0" timestamp="2023-07-27T20:37:49" hostname="ARTUR" time="0.07">
  <properties/>
  <testcase name="createOpinionReturnsOkWhenPatientIdAndDoctorIdAreValid()" classname="com.medinet.api.controller.rest.OpinionRestControllerWebMvcTest" time="0.037"/>
  <testcase name="allOpinionsByDoctorReturnsOpinionsWhenDoctorIdIsValid()" classname="com.medinet.api.controller.rest.OpinionRestControllerWebMvcTest" time="0.016"/>
  <testcase name="allOpinionsByPatientReturnsOpinionsWhenPatientIdIsValid()" classname="com.medinet.api.controller.rest.OpinionRestControllerWebMvcTest" time="0.008"/>
  <system-out><![CDATA[2023-07-27T22:37:47.580+02:00  INFO 176508 --- [    Test worker] t.c.s.AnnotationConfigContextLoaderUtils : Could not detect default configuration classes for test class [com.medinet.api.controller.rest.OpinionRestControllerWebMvcTest]: OpinionRestControllerWebMvcTest does not declare any static, non-private, non-final, nested classes annotated with @Configuration.
2023-07-27T22:37:47.601+02:00  INFO 176508 --- [    Test worker] .b.t.c.SpringBootTestContextBootstrapper : Found @SpringBootConfiguration com.medinet.Application for test class com.medinet.api.controller.rest.OpinionRestControllerWebMvcTest

  .   ____          _            __ _ _
 /\\ / ___'_ __ _ _(_)_ __  __ _ \ \ \ \
( ( )\___ | '_ | '_| | '_ \/ _` | \ \ \ \
 \\/  ___)| |_)| | | | | || (_| |  ) ) ) )
  '  |____| .__|_| |_|_| |_\__, | / / / /
 =========|_|==============|___/=/_/_/_/
 :: Spring Boot ::                (v3.1.1)

2023-07-27T22:37:47.677+02:00  WARN 176508 --- [    Test worker] ory$DuplicateJsonObjectContextCustomizer : 

Found multiple occurrences of org.json.JSONObject on the class path:

	jar:file:/C:/Users/artur/.gradle/caches/modules-2/files-2.1/org.json/json/20160810/aca5eb39e2a12fddd6c472b240afe9ebea3a6733/json-20160810.jar!/org/json/JSONObject.class
	jar:file:/C:/Users/artur/.gradle/caches/modules-2/files-2.1/com.vaadin.external.google/android-json/0.0.20131108.vaadin1/fa26d351fe62a6a17f5cda1287c1c6110dec413f/android-json-0.0.20131108.vaadin1.jar!/org/json/JSONObject.class

You may wish to exclude one of them to ensure predictable runtime behavior

2023-07-27T22:37:47.681+02:00  INFO 176508 --- [    Test worker] .m.a.c.r.OpinionRestControllerWebMvcTest : Starting OpinionRestControllerWebMvcTest using Java 18.0.2 with PID 176508 (started by artur in C:\Users\artur\IdeaProjects\medinet_app_final)
2023-07-27T22:37:47.682+02:00  INFO 176508 --- [    Test worker] .m.a.c.r.OpinionRestControllerWebMvcTest : No active profile set, falling back to 1 default profile: "default"
2023-07-27T22:37:49.450+02:00  INFO 176508 --- [    Test worker] o.s.s.web.DefaultSecurityFilterChain     : Will secure any request with [org.springframework.security.web.session.DisableEncodeUrlFilter@35c344ce, org.springframework.security.web.context.request.async.WebAsyncManagerIntegrationFilter@5fb6fdb8, org.springframework.security.web.context.SecurityContextHolderFilter@74eebb25, org.springframework.security.web.header.HeaderWriterFilter@13e9a2f2, org.springframework.security.web.csrf.CsrfFilter@3fb8e614, org.springframework.security.web.authentication.logout.LogoutFilter@1a5b8f77, org.springframework.security.web.authentication.UsernamePasswordAuthenticationFilter@c9cd06e, org.springframework.security.web.authentication.ui.DefaultLoginPageGeneratingFilter@6453c126, org.springframework.security.web.authentication.ui.DefaultLogoutPageGeneratingFilter@43e587cd, org.springframework.security.web.authentication.www.BasicAuthenticationFilter@4afad6bd, org.springframework.security.web.savedrequest.RequestCacheAwareFilter@c1e7bea, org.springframework.security.web.servletapi.SecurityContextHolderAwareRequestFilter@3af30ab8, org.springframework.security.web.authentication.AnonymousAuthenticationFilter@4a9d0c6f, org.springframework.security.web.access.ExceptionTranslationFilter@35007b7a, org.springframework.security.web.access.intercept.AuthorizationFilter@42ff5c92]
2023-07-27T22:37:49.476+02:00  INFO 176508 --- [    Test worker] o.s.b.t.m.w.SpringBootMockServletContext : Initializing Spring TestDispatcherServlet ''
2023-07-27T22:37:49.477+02:00  INFO 176508 --- [    Test worker] o.s.t.web.servlet.TestDispatcherServlet  : Initializing Servlet ''
2023-07-27T22:37:49.479+02:00  INFO 176508 --- [    Test worker] o.s.t.web.servlet.TestDispatcherServlet  : Completed initialization in 1 ms
2023-07-27T22:37:49.495+02:00  INFO 176508 --- [    Test worker] .m.a.c.r.OpinionRestControllerWebMvcTest : Started OpinionRestControllerWebMvcTest in 1.886 seconds (process running for 29.607)
]]></system-out>
  <system-err><![CDATA[]]></system-err>
</testsuite>
