<?xml version="1.0" encoding="UTF-8"?>
<testsuite name="com.medinet.business.services.PatientServiceTest" tests="3" skipped="0" failures="0" errors="0" timestamp="2023-07-27T20:37:50" hostname="ARTUR" time="0.11">
  <properties/>
  <testcase name="testFindByEmailThrowsException()" classname="com.medinet.business.services.PatientServiceTest" time="0.099"/>
  <testcase name="testFindByIdThrowsException()" classname="com.medinet.business.services.PatientServiceTest" time="0.005"/>
  <testcase name="testFindByUserIdThrowsException()" classname="com.medinet.business.services.PatientServiceTest" time="0.003"/>
  <system-out><![CDATA[]]></system-out>
  <system-err><![CDATA[]]></system-err>
</testsuite>
