<?xml version="1.0" encoding="UTF-8"?>
<testsuite name="com.medinet.business.services.DoctorServiceTest" tests="3" skipped="0" failures="0" errors="0" timestamp="2023-07-27T20:37:49" hostname="ARTUR" time="0.127">
  <properties/>
  <testcase name="testFindByEmailThrowsException()" classname="com.medinet.business.services.DoctorServiceTest" time="0.117"/>
  <testcase name="testDeleteByIdThrowsException()" classname="com.medinet.business.services.DoctorServiceTest" time="0.005"/>
  <testcase name="testFindDoctorByIdThrowsException()" classname="com.medinet.business.services.DoctorServiceTest" time="0.004"/>
  <system-out><![CDATA[]]></system-out>
  <system-err><![CDATA[]]></system-err>
</testsuite>
