<?xml version="1.0" encoding="UTF-8"?>
<testsuite name="com.medinet.api.controller.rest.DoctorRestControllerTest" tests="6" skipped="0" failures="0" errors="0" timestamp="2023-07-27T20:37:44" hostname="ARTUR" time="0.051">
  <properties/>
  <testcase name="testOneDoctorById_doctorIdIsNull()" classname="com.medinet.api.controller.rest.DoctorRestControllerTest" time="0.006"/>
  <testcase name="testAllDoctors()" classname="com.medinet.api.controller.rest.DoctorRestControllerTest" time="0.004"/>
  <testcase name="testGetAllDoctorsByPage()" classname="com.medinet.api.controller.rest.DoctorRestControllerTest" time="0.021"/>
  <testcase name="testDeleteDoctor()" classname="com.medinet.api.controller.rest.DoctorRestControllerTest" time="0.003"/>
  <testcase name="testOneDoctorById_doctorFound()" classname="com.medinet.api.controller.rest.DoctorRestControllerTest" time="0.003"/>
  <testcase name="testCreateDoctor()" classname="com.medinet.api.controller.rest.DoctorRestControllerTest" time="0.005"/>
  <system-out><![CDATA[]]></system-out>
  <system-err><![CDATA[]]></system-err>
</testsuite>
