<?xml version="1.0" encoding="UTF-8"?>
<testsuite name="com.medinet.infrastructure.repository.DoctorRepositoryTest" tests="6" skipped="0" failures="0" errors="0" timestamp="2023-07-27T20:38:16" hostname="ARTUR" time="0.074">
  <properties/>
  <testcase name="testFindAllDoctorsBySpecializationAndCity()" classname="com.medinet.infrastructure.repository.DoctorRepositoryTest" time="0.01"/>
  <testcase name="testFindAllAvailableSpecialization()" classname="com.medinet.infrastructure.repository.DoctorRepositoryTest" time="0.008"/>
  <testcase name="testFindByEmailNotFound()" classname="com.medinet.infrastructure.repository.DoctorRepositoryTest" time="0.009"/>
  <testcase name="testFindByEmail()" classname="com.medinet.infrastructure.repository.DoctorRepositoryTest" time="0.012"/>
  <testcase name="testFindAllDoctors()" classname="com.medinet.infrastructure.repository.DoctorRepositoryTest" time="0.01"/>
  <testcase name="testFindAllAvailableCities()" classname="com.medinet.infrastructure.repository.DoctorRepositoryTest" time="0.011"/>
  <system-out><![CDATA[2023-07-27T22:38:16.056+02:00  INFO 176508 --- [    Test worker] t.c.s.AnnotationConfigContextLoaderUtils : Could not detect default configuration classes for test class [com.medinet.infrastructure.repository.DoctorRepositoryTest]: DoctorRepositoryTest does not declare any static, non-private, non-final, nested classes annotated with @Configuration.
2023-07-27T22:38:16.069+02:00  INFO 176508 --- [    Test worker] .b.t.c.SpringBootTestContextBootstrapper : Found @SpringBootConfiguration com.medinet.Application for test class com.medinet.infrastructure.repository.DoctorRepositoryTest
]]></system-out>
  <system-err><![CDATA[]]></system-err>
</testsuite>
