<?xml version="1.0" encoding="UTF-8"?>
<testsuite name="com.medinet.api.controller.HomeControllerTest" tests="4" skipped="0" failures="0" errors="0" timestamp="2023-07-27T20:37:42" hostname="ARTUR" time="0.311">
  <properties/>
  <testcase name="testShowBookingPageAsDoctor()" classname="com.medinet.api.controller.HomeControllerTest" time="0.006"/>
  <testcase name="testHomepage()" classname="com.medinet.api.controller.HomeControllerTest" time="0.007"/>
  <testcase name="testShowBookingPageAsAdminOrPatient()" classname="com.medinet.api.controller.HomeControllerTest" time="0.269"/>
  <testcase name="testShowSortedDoctorsPage()" classname="com.medinet.api.controller.HomeControllerTest" time="0.021"/>
  <system-out><![CDATA[]]></system-out>
  <system-err><![CDATA[]]></system-err>
</testsuite>
